C:\DXSAMPLES\Chapter 6\Lighting\Debug\cl.command.1.tlog
C:\DXSAMPLES\Chapter 6\Lighting\Debug\CL.read.1.tlog
C:\DXSAMPLES\Chapter 6\Lighting\Debug\CL.write.1.tlog
C:\DXSAMPLES\CHAPTER 6\LIGHTING\DEBUG\D3DAPP.OBJ
C:\DXSAMPLES\CHAPTER 6\LIGHTING\DEBUG\GAMETIMER.OBJ
C:\DXSAMPLES\CHAPTER 6\LIGHTING\DEBUG\LIGHTING.EXE
C:\DXSAMPLES\CHAPTER 6\LIGHTING\DEBUG\LIGHTING.EXE.INTERMEDIATE.MANIFEST
C:\DXSAMPLES\CHAPTER 6\LIGHTING\DEBUG\LIGHTING.OBJ
C:\DXSAMPLES\CHAPTER 6\LIGHTING\DEBUG\LIGHTING.PDB
C:\DXSAMPLES\Chapter 6\Lighting\Debug\Lighting.write.1.tlog
C:\DXSAMPLES\Chapter 6\Lighting\Debug\link.command.1.tlog
C:\DXSAMPLES\Chapter 6\Lighting\Debug\link.read.1.tlog
C:\DXSAMPLES\Chapter 6\Lighting\Debug\link.write.1.tlog
C:\DXSAMPLES\Chapter 6\Lighting\Debug\mt.command.1.tlog
C:\DXSAMPLES\Chapter 6\Lighting\Debug\mt.read.1.tlog
C:\DXSAMPLES\Chapter 6\Lighting\Debug\mt.write.1.tlog
C:\DXSAMPLES\CHAPTER 6\LIGHTING\DEBUG\PEAKSANDVALLEYS.OBJ
C:\DXSAMPLES\Chapter 6\Lighting\Debug\vc100.idb
C:\DXSAMPLES\CHAPTER 6\LIGHTING\DEBUG\VC100.PDB
C:\DXSAMPLES\CHAPTER 6\LIGHTING\DEBUG\WAVES.OBJ
