C:\DXSAMPLES\CHAPTER 16\TERRAIN\DEBUG\CAMERA.OBJ
C:\DXSAMPLES\Chapter 16\Terrain\Debug\cl.command.1.tlog
C:\DXSAMPLES\Chapter 16\Terrain\Debug\CL.read.1.tlog
C:\DXSAMPLES\Chapter 16\Terrain\Debug\CL.write.1.tlog
C:\DXSAMPLES\CHAPTER 16\TERRAIN\DEBUG\D3DAPP.OBJ
C:\DXSAMPLES\CHAPTER 16\TERRAIN\DEBUG\D3DUTIL.OBJ
C:\DXSAMPLES\CHAPTER 16\TERRAIN\DEBUG\DRAWABLETEX2D.OBJ
C:\DXSAMPLES\CHAPTER 16\TERRAIN\DEBUG\EFFECTS.OBJ
C:\DXSAMPLES\CHAPTER 16\TERRAIN\DEBUG\GAMETIMER.OBJ
C:\DXSAMPLES\CHAPTER 16\TERRAIN\DEBUG\INPUTLAYOUTS.OBJ
C:\DXSAMPLES\Chapter 16\Terrain\Debug\link.1124.read.1.tlog
C:\DXSAMPLES\Chapter 16\Terrain\Debug\link.1124.write.1.tlog
C:\DXSAMPLES\Chapter 16\Terrain\Debug\link.1124-cvtres.read.1.tlog
C:\DXSAMPLES\Chapter 16\Terrain\Debug\link.1124-cvtres.write.1.tlog
C:\DXSAMPLES\Chapter 16\Terrain\Debug\link.command.1.tlog
C:\DXSAMPLES\Chapter 16\Terrain\Debug\link.read.1.tlog
C:\DXSAMPLES\Chapter 16\Terrain\Debug\link.write.1.tlog
C:\DXSAMPLES\Chapter 16\Terrain\Debug\link-cvtres.read.1.tlog
C:\DXSAMPLES\Chapter 16\Terrain\Debug\link-cvtres.write.1.tlog
C:\DXSAMPLES\CHAPTER 16\TERRAIN\DEBUG\MESH.OBJ
C:\DXSAMPLES\Chapter 16\Terrain\Debug\mt.command.1.tlog
C:\DXSAMPLES\Chapter 16\Terrain\Debug\mt.read.1.tlog
C:\DXSAMPLES\Chapter 16\Terrain\Debug\mt.write.1.tlog
C:\DXSAMPLES\Chapter 16\Terrain\Debug\rc.command.1.tlog
C:\DXSAMPLES\Chapter 16\Terrain\Debug\rc.read.1.tlog
C:\DXSAMPLES\Chapter 16\Terrain\Debug\rc.write.1.tlog
C:\DXSAMPLES\CHAPTER 16\TERRAIN\DEBUG\SKY.OBJ
C:\DXSAMPLES\CHAPTER 16\TERRAIN\DEBUG\TERRAIN DEMO.OBJ
C:\DXSAMPLES\CHAPTER 16\TERRAIN\DEBUG\TERRAIN.EXE
C:\DXSAMPLES\CHAPTER 16\TERRAIN\DEBUG\TERRAIN.EXE.EMBED.MANIFEST
C:\DXSAMPLES\CHAPTER 16\TERRAIN\DEBUG\TERRAIN.EXE.EMBED.MANIFEST.RES
C:\DXSAMPLES\CHAPTER 16\TERRAIN\DEBUG\TERRAIN.EXE.INTERMEDIATE.MANIFEST
C:\DXSAMPLES\CHAPTER 16\TERRAIN\DEBUG\TERRAIN.ILK
C:\DXSAMPLES\CHAPTER 16\TERRAIN\DEBUG\TERRAIN.OBJ
C:\DXSAMPLES\CHAPTER 16\TERRAIN\DEBUG\TERRAIN.PDB
C:\DXSAMPLES\Chapter 16\Terrain\Debug\Terrain.vcxprojResolveAssemblyReference.cache
C:\DXSAMPLES\Chapter 16\Terrain\Debug\Terrain.write.1.tlog
C:\DXSAMPLES\Chapter 16\Terrain\Debug\Terrain_manifest.rc
C:\DXSAMPLES\CHAPTER 16\TERRAIN\DEBUG\TEXTUREMGR.OBJ
C:\DXSAMPLES\Chapter 16\Terrain\Debug\vc100.idb
C:\DXSAMPLES\CHAPTER 16\TERRAIN\DEBUG\VC100.PDB
