Build started 16.01.2016 20:57:13.
     1>Project "C:\DXSAMPLES\Chapter 16\Terrain\Terrain.vcxproj" on node 2 (build target(s)).
     1>InitializeBuildStatus:
         Creating "Debug\Terrain.unsuccessfulbuild" because "AlwaysCreate" was specified.
       ClCompile:
         C:\Program Files (x86)\Microsoft Visual Studio 10.0\VC\bin\CL.exe /c /I"C:\DXSAMPLES\Chapter 16\Terrain" /ZI /nologo /W3 /WX- /Od /Oy- /D WIN32 /D _DEBUG /D _WINDOWS /D _UNICODE /D UNICODE /Gm /EHsc /RTC1 /MDd /GS /fp:precise /Zc:wchar_t /Zc:forScope /Fo"Debug\\" /Fd"Debug\vc100.pdb" /Gd /TP /analyze- /errorReport:prompt ..\..\Common\Camera.cpp
         Camera.cpp
       ManifestResourceCompile:
         All outputs are up-to-date.
       Link:
         C:\Program Files (x86)\Microsoft Visual Studio 10.0\VC\bin\link.exe /ERRORREPORT:PROMPT /OUT:"C:\DXSAMPLES\Chapter 16\Terrain\Debug\Terrain.exe" /INCREMENTAL /NOLOGO d3d10.lib d3dx10d.lib dxerr.lib dxguid.lib kernel32.lib user32.lib gdi32.lib winspool.lib comdlg32.lib advapi32.lib shell32.lib ole32.lib oleaut32.lib uuid.lib odbc32.lib odbccp32.lib /MANIFEST /ManifestFile:"Debug\Terrain.exe.intermediate.manifest" /MANIFESTUAC:"level='asInvoker' uiAccess='false'" /DEBUG /PDB:"C:\DXSAMPLES\Chapter 16\Terrain\Debug\Terrain.pdb" /SUBSYSTEM:WINDOWS /TLBID:1 /DYNAMICBASE /NXCOMPAT /IMPLIB:"C:\DXSAMPLES\Chapter 16\Terrain\Debug\Terrain.lib" /MACHINE:X86 Debug\Terrain.exe.embed.manifest.res
         Debug\Camera.obj
         Debug\d3dApp.obj
         Debug\d3dUtil.obj
         Debug\DrawableTex2D.obj
         Debug\Effects.obj
         Debug\GameTimer.obj
         Debug\InputLayouts.obj
         Debug\Mesh.obj
         Debug\Sky.obj
         "Debug\Terrain Demo.obj"
         Debug\Terrain.obj
         Debug\TextureMgr.obj
       Manifest:
         C:\Program Files (x86)\Microsoft SDKs\Windows\v7.0A\bin\mt.exe /nologo /verbose /out:"Debug\Terrain.exe.embed.manifest" /manifest Debug\Terrain.exe.intermediate.manifest
         All outputs are up-to-date.
       LinkEmbedManifest:
         All outputs are up-to-date.
         Terrain.vcxproj -> C:\DXSAMPLES\Chapter 16\Terrain\Debug\Terrain.exe
       FinalizeBuildStatus:
         Deleting file "Debug\Terrain.unsuccessfulbuild".
         Touching "Debug\Terrain.lastbuildstate".
     1>Done Building Project "C:\DXSAMPLES\Chapter 16\Terrain\Terrain.vcxproj" (build target(s)).

Build succeeded.

Time Elapsed 00:00:04.72
