Build started 05.01.2016 16:38:48.
     1>Project "C:\DXSAMPLES\Chapter 15\Picking\Picking.vcxproj" on node 2 (build target(s)).
     1>InitializeBuildStatus:
         Touching "Debug\Picking.unsuccessfulbuild".
       ClCompile:
         All outputs are up-to-date.
       ManifestResourceCompile:
         All outputs are up-to-date.
       Link:
         C:\Program Files (x86)\Microsoft Visual Studio 10.0\VC\bin\link.exe /ERRORREPORT:PROMPT /OUT:"C:\DXSAMPLES\Chapter 15\Picking\Debug\Picking.exe" /INCREMENTAL /NOLOGO d3d10.lib d3dx10d.lib dxerr.lib dxguid.lib kernel32.lib user32.lib gdi32.lib winspool.lib comdlg32.lib advapi32.lib shell32.lib ole32.lib oleaut32.lib uuid.lib odbc32.lib odbccp32.lib /MANIFEST /ManifestFile:"Debug\Picking.exe.intermediate.manifest" /MANIFESTUAC:"level='asInvoker' uiAccess='false'" /DEBUG /PDB:"C:\DXSAMPLES\Chapter 15\Picking\Debug\Picking.pdb" /SUBSYSTEM:WINDOWS /TLBID:1 /DYNAMICBASE /NXCOMPAT /IMPLIB:"C:\DXSAMPLES\Chapter 15\Picking\Debug\Picking.lib" /MACHINE:X86 Debug\Picking.exe.embed.manifest.res
         Debug\Camera.obj
         Debug\d3dApp.obj
         Debug\d3dUtil.obj
         Debug\Box.obj
         Debug\DrawableTex2D.obj
         Debug\Effects.obj
         Debug\GameTimer.obj
         Debug\InputLayouts.obj
         Debug\Mesh.obj
         Debug\Picking.obj
         Debug\Sky.obj
         Debug\TextureMgr.obj
       Manifest:
         C:\Program Files (x86)\Microsoft SDKs\Windows\v7.0A\bin\mt.exe /nologo /verbose /out:"Debug\Picking.exe.embed.manifest" /manifest Debug\Picking.exe.intermediate.manifest
         All outputs are up-to-date.
       LinkEmbedManifest:
         All outputs are up-to-date.
         Picking.vcxproj -> C:\DXSAMPLES\Chapter 15\Picking\Debug\Picking.exe
       FinalizeBuildStatus:
         Deleting file "Debug\Picking.unsuccessfulbuild".
         Touching "Debug\Picking.lastbuildstate".
     1>Done Building Project "C:\DXSAMPLES\Chapter 15\Picking\Picking.vcxproj" (build target(s)).

Build succeeded.

Time Elapsed 00:00:00.51
