C:\DXSAMPLES\CHAPTER 17\PARTICLE SYSTEM\DEBUG\CAMERA.OBJ
C:\DXSAMPLES\Chapter 17\Particle System\Debug\cl.command.1.tlog
C:\DXSAMPLES\Chapter 17\Particle System\Debug\CL.read.1.tlog
C:\DXSAMPLES\Chapter 17\Particle System\Debug\CL.write.1.tlog
C:\DXSAMPLES\CHAPTER 17\PARTICLE SYSTEM\DEBUG\D3DAPP.OBJ
C:\DXSAMPLES\CHAPTER 17\PARTICLE SYSTEM\DEBUG\D3DUTIL.OBJ
C:\DXSAMPLES\CHAPTER 17\PARTICLE SYSTEM\DEBUG\DRAWABLETEX2D.OBJ
C:\DXSAMPLES\CHAPTER 17\PARTICLE SYSTEM\DEBUG\EFFECTS.OBJ
C:\DXSAMPLES\CHAPTER 17\PARTICLE SYSTEM\DEBUG\GAMETIMER.OBJ
C:\DXSAMPLES\CHAPTER 17\PARTICLE SYSTEM\DEBUG\INPUTLAYOUTS.OBJ
C:\DXSAMPLES\Chapter 17\Particle System\Debug\link.3192.read.1.tlog
C:\DXSAMPLES\Chapter 17\Particle System\Debug\link.3192.write.1.tlog
C:\DXSAMPLES\Chapter 17\Particle System\Debug\link.3192-cvtres.read.1.tlog
C:\DXSAMPLES\Chapter 17\Particle System\Debug\link.3192-cvtres.write.1.tlog
C:\DXSAMPLES\Chapter 17\Particle System\Debug\link.command.1.tlog
C:\DXSAMPLES\Chapter 17\Particle System\Debug\link.read.1.tlog
C:\DXSAMPLES\Chapter 17\Particle System\Debug\link.write.1.tlog
C:\DXSAMPLES\Chapter 17\Particle System\Debug\link-cvtres.read.1.tlog
C:\DXSAMPLES\Chapter 17\Particle System\Debug\link-cvtres.write.1.tlog
C:\DXSAMPLES\CHAPTER 17\PARTICLE SYSTEM\DEBUG\MESH.OBJ
C:\DXSAMPLES\Chapter 17\Particle System\Debug\mt.command.1.tlog
C:\DXSAMPLES\Chapter 17\Particle System\Debug\mt.read.1.tlog
C:\DXSAMPLES\Chapter 17\Particle System\Debug\mt.write.1.tlog
C:\DXSAMPLES\CHAPTER 17\PARTICLE SYSTEM\DEBUG\PARTICLE SYSTEM DEMO.OBJ
C:\DXSAMPLES\CHAPTER 17\PARTICLE SYSTEM\DEBUG\PARTICLE SYSTEM.EXE
C:\DXSAMPLES\Chapter 17\Particle System\Debug\Particle System.exe.embed.manifest
C:\DXSAMPLES\CHAPTER 17\PARTICLE SYSTEM\DEBUG\PARTICLE SYSTEM.EXE.EMBED.MANIFEST.RES
C:\DXSAMPLES\CHAPTER 17\PARTICLE SYSTEM\DEBUG\PARTICLE SYSTEM.EXE.INTERMEDIATE.MANIFEST
C:\DXSAMPLES\CHAPTER 17\PARTICLE SYSTEM\DEBUG\PARTICLE SYSTEM.ILK
C:\DXSAMPLES\CHAPTER 17\PARTICLE SYSTEM\DEBUG\PARTICLE SYSTEM.PDB
C:\DXSAMPLES\Chapter 17\Particle System\Debug\Particle System.vcxprojResolveAssemblyReference.cache
C:\DXSAMPLES\Chapter 17\Particle System\Debug\Particle System.write.1.tlog
C:\DXSAMPLES\Chapter 17\Particle System\Debug\Particle System_manifest.rc
C:\DXSAMPLES\CHAPTER 17\PARTICLE SYSTEM\DEBUG\PSYSTEM.OBJ
C:\DXSAMPLES\Chapter 17\Particle System\Debug\rc.command.1.tlog
C:\DXSAMPLES\Chapter 17\Particle System\Debug\rc.read.1.tlog
C:\DXSAMPLES\Chapter 17\Particle System\Debug\rc.write.1.tlog
C:\DXSAMPLES\CHAPTER 17\PARTICLE SYSTEM\DEBUG\SKY.OBJ
C:\DXSAMPLES\CHAPTER 17\PARTICLE SYSTEM\DEBUG\TERRAIN.OBJ
C:\DXSAMPLES\CHAPTER 17\PARTICLE SYSTEM\DEBUG\TEXTUREMGR.OBJ
C:\DXSAMPLES\Chapter 17\Particle System\Debug\vc100.idb
C:\DXSAMPLES\CHAPTER 17\PARTICLE SYSTEM\DEBUG\VC100.PDB
